#
# There is insufficient memory for the Java Runtime Environment to continue.
# Native memory allocation (malloc) failed to allocate 131088 bytes for Chunk::new
# Possible reasons:
#   The system is out of physical RAM or swap space
#   In 32 bit mode, the process size limit was hit
# Possible solutions:
#   Reduce memory load on the system
#   Increase physical memory or swap space
#   Check if swap backing store is full
#   Use 64 bit Java on a 64 bit OS
#   Decrease Java heap size (-Xmx/-Xms)
#   Decrease number of Java threads
#   Decrease Java thread stack sizes (-Xss)
#   Set larger code cache with -XX:ReservedCodeCacheSize=
# This output file may be truncated or incomplete.
#
#  Out of Memory Error (allocation.cpp:388), pid=10700, tid=5592
#
# JRE version: Java(TM) SE Runtime Environment (8.0-b132) (build 1.8.0-b132)
# Java VM: Java HotSpot(TM) 64-Bit Server VM (25.0-b70 mixed mode windows-amd64 compressed oops)
# Failed to write core dump. Minidumps are not enabled by default on client versions of Windows
#

---------------  T H R E A D  ---------------

Current thread (0x0000000014900000):  JavaThread "C2 CompilerThread0" daemon [_thread_in_native, id=5592, stack(0x0000000016240000,0x0000000016340000)]

Stack: [0x0000000016240000,0x0000000016340000]
Native frames: (J=compiled Java code, j=interpreted, Vv=VM code, C=native code)
V  [jvm.dll+0x308e0a]


Current CompileTask:
C2:   2288 2578       4       com.android.dx.merge.DexMerger::transformMethods (126 bytes)


---------------  P R O C E S S  ---------------

Java Threads: ( => current thread )
  0x000000001494e000 JavaThread "Service Thread" daemon [_thread_blocked, id=11224, stack(0x0000000016540000,0x0000000016640000)]
  0x000000001491c000 JavaThread "C1 CompilerThread2" daemon [_thread_blocked, id=10248, stack(0x0000000016440000,0x0000000016540000)]
  0x0000000014911800 JavaThread "C2 CompilerThread1" daemon [_thread_in_native, id=10300, stack(0x0000000016340000,0x0000000016440000)]
=>0x0000000014900000 JavaThread "C2 CompilerThread0" daemon [_thread_in_native, id=5592, stack(0x0000000016240000,0x0000000016340000)]
  0x0000000015c83800 JavaThread "Attach Listener" daemon [_thread_blocked, id=10272, stack(0x0000000016140000,0x0000000016240000)]
  0x0000000015c82800 JavaThread "Signal Dispatcher" daemon [_thread_blocked, id=10356, stack(0x0000000016040000,0x0000000016140000)]
  0x0000000002214800 JavaThread "Finalizer" daemon [_thread_blocked, id=688, stack(0x0000000015b40000,0x0000000015c40000)]
  0x000000000220b800 JavaThread "Reference Handler" daemon [_thread_blocked, id=10252, stack(0x0000000015a40000,0x0000000015b40000)]
  0x0000000001dbd800 JavaThread "main" [_thread_in_Java, id=11028, stack(0x0000000001c50000,0x0000000001d50000)]

Other Threads:
  0x00000000148b6800 VMThread [stack: 0x0000000015940000,0x0000000015a40000] [id=5064]
  0x0000000015cdc800 WatcherThread [stack: 0x0000000016640000,0x0000000016740000] [id=3708]

VM state:not at safepoint (normal execution)

VM Mutex/Monitor currently owned by a thread: None

Heap:
 PSYoungGen      total 37376K, used 6935K [0x00000000eab00000, 0x00000000ee200000, 0x0000000100000000)
  eden space 31232K, 6% used [0x00000000eab00000,0x00000000ead0bbc0,0x00000000ec980000)
  from space 6144K, 78% used [0x00000000edc00000,0x00000000ee0ba370,0x00000000ee200000)
  to   space 4608K, 0% used [0x00000000ec980000,0x00000000ec980000,0x00000000ece00000)
 ParOldGen       total 129536K, used 28767K [0x00000000c0000000, 0x00000000c7e80000, 0x00000000eab00000)
  object space 129536K, 22% used [0x00000000c0000000,0x00000000c1c17f98,0x00000000c7e80000)
 Metaspace       used 7419K, capacity 7906K, committed 8064K, reserved 1056768K
  class space    used 752K, capacity 786K, committed 896K, reserved 1048576K

Card table byte_map: [0x00000000115e0000,0x00000000117f0000] byte_map_base: 0x0000000010fe0000

Marking Bits: (ParMarkBitMap*) 0x00000000688813b0
 Begin Bits: [0x0000000011d50000, 0x0000000012d50000)
 End Bits:   [0x0000000012d50000, 0x0000000013d50000)

Polling page: 0x00000000003f0000

CodeCache: size=245760Kb used=9030Kb max_used=9042Kb free=236729Kb
 bounds [0x0000000002220000, 0x0000000002b00000, 0x0000000011220000]
 total_blobs=2879 nmethods=2591 adapters=201
 compilation: enabled

Compilation events (10 events):
Event: 2.236 Thread 0x0000000014911800 nmethod 2584 0x0000000002ad6750 code [0x0000000002ad68c0, 0x0000000002ad6b18]
Event: 2.236 Thread 0x0000000014911800 2579       4       com.android.dx.io.instructions.InstructionCodec$3::decode (35 bytes)
Event: 2.237 Thread 0x0000000014911800 nmethod 2579 0x0000000002ad6450 code [0x0000000002ad65a0, 0x0000000002ad66b8]
Event: 2.237 Thread 0x0000000014911800 2585       4       com.android.dx.merge.InstructionTransformer$StringVisitor::visit (63 bytes)
Event: 2.240 Thread 0x0000000014911800 nmethod 2585 0x0000000002adc1d0 code [0x0000000002adc340, 0x0000000002adc678]
Event: 2.240 Thread 0x0000000014911800 2588       4       com.android.dx.io.instructions.InstructionCodec$14::encode (29 bytes)
Event: 2.242 Thread 0x0000000014911800 nmethod 2588 0x0000000002aea050 code [0x0000000002aea1a0, 0x0000000002aea398]
Event: 2.242 Thread 0x0000000014911800 2586       4       com.android.dx.io.instructions.InstructionCodec$14::decode (53 bytes)
Event: 2.243 Thread 0x0000000014911800 nmethod 2586 0x0000000002ae9b90 code [0x0000000002ae9ce0, 0x0000000002ae9eb8]
Event: 2.243 Thread 0x0000000014911800 2580       4       com.android.dx.io.instructions.InstructionCodec$3::encode (25 bytes)

GC Heap History (10 events):
Event: 1.636 GC heap before
{Heap before GC invocations=13 (full 0):
 PSYoungGen      total 23040K, used 22129K [0x00000000eab00000, 0x00000000ec680000, 0x0000000100000000)
  eden space 19456K, 97% used [0x00000000eab00000,0x00000000ebd8cc28,0x00000000ebe00000)
  from space 3584K, 87% used [0x00000000ec200000,0x00000000ec50f8a8,0x00000000ec580000)
  to   space 4096K, 0% used [0x00000000ebe00000,0x00000000ebe00000,0x00000000ec200000)
 ParOldGen       total 129536K, used 8910K [0x00000000c0000000, 0x00000000c7e80000, 0x00000000eab00000)
  object space 129536K, 6% used [0x00000000c0000000,0x00000000c08b3be0,0x00000000c7e80000)
 Metaspace       used 7346K, capacity 7906K, committed 8064K, reserved 1056768K
  class space    used 751K, capacity 786K, committed 896K, reserved 1048576K
Event: 1.640 GC heap after
Heap after GC invocations=13 (full 0):
 PSYoungGen      total 23552K, used 3801K [0x00000000eab00000, 0x00000000ed280000, 0x0000000100000000)
  eden space 19456K, 0% used [0x00000000eab00000,0x00000000eab00000,0x00000000ebe00000)
  from space 4096K, 92% used [0x00000000ebe00000,0x00000000ec1b64e0,0x00000000ec200000)
  to   space 4608K, 0% used [0x00000000ece00000,0x00000000ece00000,0x00000000ed280000)
 ParOldGen       total 129536K, used 11026K [0x00000000c0000000, 0x00000000c7e80000, 0x00000000eab00000)
  object space 129536K, 8% used [0x00000000c0000000,0x00000000c0ac4a48,0x00000000c7e80000)
 Metaspace       used 7346K, capacity 7906K, committed 8064K, reserved 1056768K
  class space    used 751K, capacity 786K, committed 896K, reserved 1048576K
}
Event: 1.776 GC heap before
{Heap before GC invocations=14 (full 0):
 PSYoungGen      total 23552K, used 22921K [0x00000000eab00000, 0x00000000ed280000, 0x0000000100000000)
  eden space 19456K, 98% used [0x00000000eab00000,0x00000000ebdac0c8,0x00000000ebe00000)
  from space 4096K, 92% used [0x00000000ebe00000,0x00000000ec1b64e0,0x00000000ec200000)
  to   space 4608K, 0% used [0x00000000ece00000,0x00000000ece00000,0x00000000ed280000)
 ParOldGen       total 129536K, used 11026K [0x00000000c0000000, 0x00000000c7e80000, 0x00000000eab00000)
  object space 129536K, 8% used [0x00000000c0000000,0x00000000c0ac4a48,0x00000000c7e80000)
 Metaspace       used 7379K, capacity 7906K, committed 8064K, reserved 1056768K
  class space    used 752K, capacity 786K, committed 896K, reserved 1048576K
Event: 1.780 GC heap after
Heap after GC invocations=14 (full 0):
 PSYoungGen      total 35840K, used 1397K [0x00000000eab00000, 0x00000000ed280000, 0x0000000100000000)
  eden space 31232K, 0% used [0x00000000eab00000,0x00000000eab00000,0x00000000ec980000)
  from space 4608K, 30% used [0x00000000ece00000,0x00000000ecf5d4d0,0x00000000ed280000)
  to   space 4608K, 0% used [0x00000000ec980000,0x00000000ec980000,0x00000000ece00000)
 ParOldGen       total 129536K, used 13709K [0x00000000c0000000, 0x00000000c7e80000, 0x00000000eab00000)
  object space 129536K, 10% used [0x00000000c0000000,0x00000000c0d63648,0x00000000c7e80000)
 Metaspace       used 7379K, capacity 7906K, committed 8064K, reserved 1056768K
  class space    used 752K, capacity 786K, committed 896K, reserved 1048576K
}
Event: 1.919 GC heap before
{Heap before GC invocations=15 (full 0):
 PSYoungGen      total 35840K, used 32629K [0x00000000eab00000, 0x00000000ed280000, 0x0000000100000000)
  eden space 31232K, 100% used [0x00000000eab00000,0x00000000ec980000,0x00000000ec980000)
  from space 4608K, 30% used [0x00000000ece00000,0x00000000ecf5d4d0,0x00000000ed280000)
  to   space 4608K, 0% used [0x00000000ec980000,0x00000000ec980000,0x00000000ece00000)
 ParOldGen       total 129536K, used 13709K [0x00000000c0000000, 0x00000000c7e80000, 0x00000000eab00000)
  object space 129536K, 10% used [0x00000000c0000000,0x00000000c0d63648,0x00000000c7e80000)
 Metaspace       used 7393K, capacity 7906K, committed 8064K, reserved 1056768K
  class space    used 752K, capacity 786K, committed 896K, reserved 1048576K
Event: 1.923 GC heap after
Heap after GC invocations=15 (full 0):
 PSYoungGen      total 35840K, used 4529K [0x00000000eab00000, 0x00000000ed280000, 0x0000000100000000)
  eden space 31232K, 0% used [0x00000000eab00000,0x00000000eab00000,0x00000000ec980000)
  from space 4608K, 98% used [0x00000000ec980000,0x00000000ecdec508,0x00000000ece00000)
  to   space 4608K, 0% used [0x00000000ece00000,0x00000000ece00000,0x00000000ed280000)
 ParOldGen       total 129536K, used 14974K [0x00000000c0000000, 0x00000000c7e80000, 0x00000000eab00000)
  object space 129536K, 11% used [0x00000000c0000000,0x00000000c0e9fb88,0x00000000c7e80000)
 Metaspace       used 7393K, capacity 7906K, committed 8064K, reserved 1056768K
  class space    used 752K, capacity 786K, committed 896K, reserved 1048576K
}
Event: 2.044 GC heap before
{Heap before GC invocations=16 (full 0):
 PSYoungGen      total 35840K, used 35761K [0x00000000eab00000, 0x00000000ed280000, 0x0000000100000000)
  eden space 31232K, 100% used [0x00000000eab00000,0x00000000ec980000,0x00000000ec980000)
  from space 4608K, 98% used [0x00000000ec980000,0x00000000ecdec508,0x00000000ece00000)
  to   space 4608K, 0% used [0x00000000ece00000,0x00000000ece00000,0x00000000ed280000)
 ParOldGen       total 129536K, used 14974K [0x00000000c0000000, 0x00000000c7e80000, 0x00000000eab00000)
  object space 129536K, 11% used [0x00000000c0000000,0x00000000c0e9fb88,0x00000000c7e80000)
 Metaspace       used 7406K, capacity 7906K, committed 8064K, reserved 1056768K
  class space    used 752K, capacity 786K, committed 896K, reserved 1048576K
Event: 2.046 GC heap after
Heap after GC invocations=16 (full 0):
 PSYoungGen      total 35840K, used 3841K [0x00000000eab00000, 0x00000000ed280000, 0x0000000100000000)
  eden space 31232K, 0% used [0x00000000eab00000,0x00000000eab00000,0x00000000ec980000)
  from space 4608K, 83% used [0x00000000ece00000,0x00000000ed1c0440,0x00000000ed280000)
  to   space 4608K, 0% used [0x00000000ec980000,0x00000000ec980000,0x00000000ece00000)
 ParOldGen       total 129536K, used 18896K [0x00000000c0000000, 0x00000000c7e80000, 0x00000000eab00000)
  object space 129536K, 14% used [0x00000000c0000000,0x00000000c1274188,0x00000000c7e80000)
 Metaspace       used 7406K, capacity 7906K, committed 8064K, reserved 1056768K
  class space    used 752K, capacity 786K, committed 896K, reserved 1048576K
}
Event: 2.152 GC heap before
{Heap before GC invocations=17 (full 0):
 PSYoungGen      total 35840K, used 35073K [0x00000000eab00000, 0x00000000ed280000, 0x0000000100000000)
  eden space 31232K, 100% used [0x00000000eab00000,0x00000000ec980000,0x00000000ec980000)
  from space 4608K, 83% used [0x00000000ece00000,0x00000000ed1c0440,0x00000000ed280000)
  to   space 4608K, 0% used [0x00000000ec980000,0x00000000ec980000,0x00000000ece00000)
 ParOldGen       total 129536K, used 18896K [0x00000000c0000000, 0x00000000c7e80000, 0x00000000eab00000)
  object space 129536K, 14% used [0x00000000c0000000,0x00000000c1274188,0x00000000c7e80000)
 Metaspace       used 7412K, capacity 7906K, committed 8064K, reserved 1056768K
  class space    used 752K, capacity 786K, committed 896K, reserved 1048576K
Event: 2.154 GC heap after
Heap after GC invocations=17 (full 0):
 PSYoungGen      total 35840K, used 4269K [0x00000000eab00000, 0x00000000ee200000, 0x0000000100000000)
  eden space 31232K, 0% used [0x00000000eab00000,0x00000000eab00000,0x00000000ec980000)
  from space 4608K, 92% used [0x00000000ec980000,0x00000000ecdab6a0,0x00000000ece00000)
  to   space 6144K, 0% used [0x00000000edc00000,0x00000000edc00000,0x00000000ee200000)
 ParOldGen       total 129536K, used 24756K [0x00000000c0000000, 0x00000000c7e80000, 0x00000000eab00000)
  object space 129536K, 19% used [0x00000000c0000000,0x00000000c182d148,0x00000000c7e80000)
 Metaspace       used 7412K, capacity 7906K, committed 8064K, reserved 1056768K
  class space    used 752K, capacity 786K, committed 896K, reserved 1048576K
}

Deoptimization events (10 events):
Event: 2.182 Thread 0x0000000001dbd800 Uncommon trap: reason=class_check action=maybe_recompile pc=0x0000000002ad0c48 method=com.android.dx.io.instructions.InstructionCodec$10.encode(Lcom/android/dx/io/instructions/DecodedInstruction;Lcom/android/dx/io/instructions/CodeOutput;)V @ 2
Event: 2.182 Thread 0x0000000001dbd800 Uncommon trap: reason=class_check action=maybe_recompile pc=0x0000000002ad10c8 method=com.android.dx.io.instructions.InstructionCodec$6.encode(Lcom/android/dx/io/instructions/DecodedInstruction;Lcom/android/dx/io/instructions/CodeOutput;)V @ 2
Event: 2.182 Thread 0x0000000001dbd800 Uncommon trap: reason=class_check action=maybe_recompile pc=0x0000000002ac2848 method=com.android.dx.io.instructions.InstructionCodec$10.decode(ILcom/android/dx/io/instructions/CodeInput;)Lcom/android/dx/io/instructions/DecodedInstruction; @ 1
Event: 2.182 Thread 0x0000000001dbd800 Uncommon trap: reason=class_check action=maybe_recompile pc=0x0000000002ad0e88 method=com.android.dx.io.instructions.InstructionCodec$6.decode(ILcom/android/dx/io/instructions/CodeInput;)Lcom/android/dx/io/instructions/DecodedInstruction; @ 1
Event: 2.182 Thread 0x0000000001dbd800 Uncommon trap: reason=class_check action=maybe_recompile pc=0x0000000002ad0e88 method=com.android.dx.io.instructions.InstructionCodec$6.decode(ILcom/android/dx/io/instructions/CodeInput;)Lcom/android/dx/io/instructions/DecodedInstruction; @ 1
Event: 2.182 Thread 0x0000000001dbd800 Uncommon trap: reason=class_check action=maybe_recompile pc=0x0000000002ad0c48 method=com.android.dx.io.instructions.InstructionCodec$10.encode(Lcom/android/dx/io/instructions/DecodedInstruction;Lcom/android/dx/io/instructions/CodeOutput;)V @ 2
Event: 2.182 Thread 0x0000000001dbd800 Uncommon trap: reason=class_check action=maybe_recompile pc=0x0000000002ad10c8 method=com.android.dx.io.instructions.InstructionCodec$6.encode(Lcom/android/dx/io/instructions/DecodedInstruction;Lcom/android/dx/io/instructions/CodeOutput;)V @ 2
Event: 2.182 Thread 0x0000000001dbd800 Uncommon trap: reason=class_check action=maybe_recompile pc=0x0000000002ad10c8 method=com.android.dx.io.instructions.InstructionCodec$6.encode(Lcom/android/dx/io/instructions/DecodedInstruction;Lcom/android/dx/io/instructions/CodeOutput;)V @ 2
Event: 2.183 Thread 0x0000000001dbd800 Uncommon trap: reason=class_check action=maybe_recompile pc=0x0000000002ad0e88 method=com.android.dx.io.instructions.InstructionCodec$6.decode(ILcom/android/dx/io/instructions/CodeInput;)Lcom/android/dx/io/instructions/DecodedInstruction; @ 1
Event: 2.183 Thread 0x0000000001dbd800 Uncommon trap: reason=class_check action=maybe_recompile pc=0x0000000002ad10c8 method=com.android.dx.io.instructions.InstructionCodec$6.encode(Lcom/android/dx/io/instructions/DecodedInstruction;Lcom/android/dx/io/instructions/CodeOutput;)V @ 2

Internal exceptions (10 events):
Event: 1.575 Thread 0x0000000001dbd800 Exception <a 'java/security/PrivilegedActionException'> (0x00000000eb881148) thrown at [D:\re\workspace\8-2-build-windows-amd64-cygwin\jdk8\2238\hotspot\src\share\vm\prims\jvm.cpp, line 1248]
Event: 1.576 Thread 0x0000000001dbd800 Exception <a 'java/security/PrivilegedActionException'> (0x00000000eb883350) thrown at [D:\re\workspace\8-2-build-windows-amd64-cygwin\jdk8\2238\hotspot\src\share\vm\prims\jvm.cpp, line 1248]
Event: 1.576 Thread 0x0000000001dbd800 Exception <a 'java/security/PrivilegedActionException'> (0x00000000eb883c70) thrown at [D:\re\workspace\8-2-build-windows-amd64-cygwin\jdk8\2238\hotspot\src\share\vm\prims\jvm.cpp, line 1248]
Event: 1.587 Thread 0x0000000001dbd800 Exception <a 'java/security/PrivilegedActionException'> (0x00000000eb8962a0) thrown at [D:\re\workspace\8-2-build-windows-amd64-cygwin\jdk8\2238\hotspot\src\share\vm\prims\jvm.cpp, line 1248]
Event: 1.587 Thread 0x0000000001dbd800 Exception <a 'java/security/PrivilegedActionException'> (0x00000000eb896b80) thrown at [D:\re\workspace\8-2-build-windows-amd64-cygwin\jdk8\2238\hotspot\src\share\vm\prims\jvm.cpp, line 1248]
Event: 1.588 Thread 0x0000000001dbd800 Exception <a 'java/security/PrivilegedActionException'> (0x00000000eb8a01c0) thrown at [D:\re\workspace\8-2-build-windows-amd64-cygwin\jdk8\2238\hotspot\src\share\vm\prims\jvm.cpp, line 1248]
Event: 1.588 Thread 0x0000000001dbd800 Exception <a 'java/security/PrivilegedActionException'> (0x00000000eb8a0ae0) thrown at [D:\re\workspace\8-2-build-windows-amd64-cygwin\jdk8\2238\hotspot\src\share\vm\prims\jvm.cpp, line 1248]
Event: 1.588 Thread 0x0000000001dbd800 Exception <a 'java/security/PrivilegedActionException'> (0x00000000eb8a23a8) thrown at [D:\re\workspace\8-2-build-windows-amd64-cygwin\jdk8\2238\hotspot\src\share\vm\prims\jvm.cpp, line 1248]
Event: 1.588 Thread 0x0000000001dbd800 Exception <a 'java/security/PrivilegedActionException'> (0x00000000eb8a2cd8) thrown at [D:\re\workspace\8-2-build-windows-amd64-cygwin\jdk8\2238\hotspot\src\share\vm\prims\jvm.cpp, line 1248]
Event: 1.698 Thread 0x0000000001dbd800 Exception <a 'java/security/PrivilegedActionException'> (0x00000000eb166af0) thrown at [D:\re\workspace\8-2-build-windows-amd64-cygwin\jdk8\2238\hotspot\src\share\vm\prims\jvm.cpp, line 1248]

Events (10 events):
Event: 2.182 Thread 0x0000000001dbd800 DEOPT UNPACKING pc=0x00000000022655af sp=0x0000000001d4ee70 mode 2
Event: 2.182 Thread 0x0000000001dbd800 Uncommon trap: trap_request=0xffffffde fr.pc=0x0000000002ad10c8
Event: 2.182 Thread 0x0000000001dbd800 DEOPT PACKING pc=0x0000000002ad10c8 sp=0x0000000001d4eee0
Event: 2.182 Thread 0x0000000001dbd800 DEOPT UNPACKING pc=0x00000000022655af sp=0x0000000001d4ee70 mode 2
Event: 2.183 Thread 0x0000000001dbd800 Uncommon trap: trap_request=0xffffffde fr.pc=0x0000000002ad0e88
Event: 2.183 Thread 0x0000000001dbd800 DEOPT PACKING pc=0x0000000002ad0e88 sp=0x0000000001d4eef0
Event: 2.183 Thread 0x0000000001dbd800 DEOPT UNPACKING pc=0x00000000022655af sp=0x0000000001d4ee68 mode 2
Event: 2.183 Thread 0x0000000001dbd800 Uncommon trap: trap_request=0xffffffde fr.pc=0x0000000002ad10c8
Event: 2.183 Thread 0x0000000001dbd800 DEOPT PACKING pc=0x0000000002ad10c8 sp=0x0000000001d4eee0
Event: 2.183 Thread 0x0000000001dbd800 DEOPT UNPACKING pc=0x00000000022655af sp=0x0000000001d4ee70 mode 2


Dynamic libraries:
0x00007ff7686d0000 - 0x00007ff768704000 	C:\Program Files\Java\jdk1.8.0\bin\java.exe
0x00007ffebc000000 - 0x00007ffebc1a9000 	C:\Windows\SYSTEM32\ntdll.dll
0x00007ffeb9890000 - 0x00007ffeb99c9000 	C:\Windows\system32\KERNEL32.DLL
0x00007ffeb9730000 - 0x00007ffeb983e000 	C:\Windows\system32\KERNELBASE.dll
0x00007ffeb99d0000 - 0x00007ffeb9a75000 	C:\Windows\system32\ADVAPI32.dll
0x00007ffeba140000 - 0x00007ffeba2b1000 	C:\Windows\system32\USER32.dll
0x00007ffeb6aa0000 - 0x00007ffeb6cfa000 	C:\Windows\WinSxS\amd64_microsoft.windows.common-controls_6595b64144ccf1df_6.0.9600.16384_none_62475f7becb72503\COMCTL32.dll
0x00007ffebba70000 - 0x00007ffebbb17000 	C:\Windows\system32\msvcrt.dll
0x00007ffeba080000 - 0x00007ffeba0d7000 	C:\Windows\SYSTEM32\sechost.dll
0x00007ffeb9cb0000 - 0x00007ffeb9de6000 	C:\Windows\system32\RPCRT4.dll
0x00007ffebb740000 - 0x00007ffebb885000 	C:\Windows\system32\GDI32.dll
0x00007ffeb9c70000 - 0x00007ffeb9ca4000 	C:\Windows\system32\IMM32.DLL
0x00007ffebbeb0000 - 0x00007ffebbfe9000 	C:\Windows\system32\MSCTF.dll
0x0000000067b70000 - 0x0000000067c42000 	C:\Program Files\Java\jdk1.8.0\jre\bin\msvcr100.dll
0x00000000680d0000 - 0x00000000688fa000 	C:\Program Files\Java\jdk1.8.0\jre\bin\server\jvm.dll
0x00007ffeb5ab0000 - 0x00007ffeb5ab9000 	C:\Windows\SYSTEM32\WSOCK32.dll
0x00007ffeb1b50000 - 0x00007ffeb1b6f000 	C:\Windows\SYSTEM32\WINMM.dll
0x00007ffebbb20000 - 0x00007ffebbb27000 	C:\Windows\system32\PSAPI.DLL
0x00007ffebb6e0000 - 0x00007ffebb738000 	C:\Windows\system32\WS2_32.dll
0x00007ffeb1b20000 - 0x00007ffeb1b4a000 	C:\Windows\SYSTEM32\WINMMBASE.dll
0x00007ffeb9c60000 - 0x00007ffeb9c69000 	C:\Windows\system32\NSI.dll
0x00007ffeb9840000 - 0x00007ffeb988a000 	C:\Windows\SYSTEM32\cfgmgr32.dll
0x00007ffeb8220000 - 0x00007ffeb8246000 	C:\Windows\SYSTEM32\DEVOBJ.dll
0x0000000067fe0000 - 0x0000000067fef000 	C:\Program Files\Java\jdk1.8.0\jre\bin\verify.dll
0x0000000067fb0000 - 0x0000000067fd8000 	C:\Program Files\Java\jdk1.8.0\jre\bin\java.dll
0x0000000067f90000 - 0x0000000067fa6000 	C:\Program Files\Java\jdk1.8.0\jre\bin\zip.dll
0x00007ffeba2c0000 - 0x00007ffebb6cd000 	C:\Windows\system32\SHELL32.dll
0x00007ffebbcd0000 - 0x00007ffebbea7000 	C:\Windows\SYSTEM32\combase.dll
0x00007ffeb9df0000 - 0x00007ffeb9e41000 	C:\Windows\system32\SHLWAPI.dll
0x00007ffeb78b0000 - 0x00007ffeb7951000 	C:\Windows\SYSTEM32\SHCORE.dll
0x00007ffeb9380000 - 0x00007ffeb9394000 	C:\Windows\SYSTEM32\profapi.dll

VM Arguments:
jvm_args: -Xmx1024M -Dfile.encoding=UTF-8 -Duser.country=CN -Duser.language=zh -Duser.variant 
java_command: com.android.dx.command.Main --dex --output E:\Trunk\CopyUC\app\build\intermediates\dex\debug E:\Trunk\CopyUC\app\build\intermediates\classes\debug E:\Trunk\CopyUC\app\build\intermediates\pre-dexed\debug\support-annotations-22.2.0-fcbac64e8dbacc906e808d92672d1d4209d46810.jar E:\Trunk\CopyUC\app\build\intermediates\pre-dexed\debug\universal-image-loader-1.9.5-397e682f81a90ee78c74b4633dae79a7450f65cd.jar E:\Trunk\CopyUC\app\build\intermediates\pre-dexed\debug\gson-2.2.4-a79225f4c3e97cbf7deb450304aad3c34914ebd4.jar E:\Trunk\CopyUC\app\build\intermediates\pre-dexed\debug\BaiduLBS_Android-d1420b8b0ca70f411cac380e161da916969c5f31.jar E:\Trunk\CopyUC\app\build\intermediates\pre-dexed\debug\internal_impl-22.2.0-df8259db753823b32d7935957eb742970981a407.jar E:\Trunk\CopyUC\app\build\intermediates\pre-dexed\debug\classes-f8ffe7f607039b6dca0790e8e8eb6c764e33e363.jar E:\Trunk\CopyUC\app\build\intermediates\pre-dexed\debug\zxing-9fef331a2190e1e5757af744044b083bf7062de5.jar E:\Trunk\CopyUC\app\build\intermediates\pre-dexed\debug\VoiceRecognition-606b1019115c072de255595bd5dee26e4e0e01bd.jar E:\Trunk\CopyUC\app\build\intermediates\pre-dexed\debug\classes-331b1a5a8d8d72ca2e79a6dc306f54567d1a2785.jar E:\Trunk\CopyUC\app\build\intermediates\pre-dexed\debug\classes-4e7f75937ce61e6e852b23826cbb220aa6761ff5.jar E:\Trunk\CopyUC\app\build\intermediates\pre-dexed\debug\baidumapapi_v3_3_0-a0a92b34aba14ae07fd449c84cfe19389492243d.jar
java_class_path (initial): D:\AndroidStudio\sdk\build-tools\22.0.1\lib\dx.jar
Launcher Type: SUN_STANDARD

Environment Variables:
JAVA_HOME=C:\Program Files\Java\jdk1.8.0
PATH=C:\Program Files (x86)\Intel\iCLS Client\;C:\Program Files\Intel\iCLS Client\;C:\Windows\system32;C:\Windows;C:\Windows\System32\Wbem;C:\Windows\System32\WindowsPowerShell\v1.0\;C:\Program Files (x86)\Intel\Intel(R) Management Engine Components\DAL;C:\Program Files\Intel\Intel(R) Management Engine Components\DAL;C:\Program Files (x86)\Intel\Intel(R) Management Engine Components\IPT;C:\Program Files\Intel\Intel(R) Management Engine Components\IPT;C:\Program Files (x86)\NVIDIA Corporation\PhysX\Common;JAVA_HOME\bin;JAVA_HOME\jre\bin;C:\Program Files\TortoiseSVN\bin;0X0.000000P-1022ndroid;
USERNAME=Administrator
OS=Windows_NT
PROCESSOR_IDENTIFIER=Intel64 Family 6 Model 60 Stepping 3, GenuineIntel



---------------  S Y S T E M  ---------------

OS: Windows 8.1 , 64 bit Build 9600 

CPU:total 4 (4 cores per cpu, 1 threads per core) family 6 model 60 stepping 3, cmov, cx8, fxsr, mmx, sse, sse2, sse3, ssse3, sse4.1, sse4.2, popcnt, avx, avx2, aes, clmul, erms, tsc, tscinvbit

Memory: 4k page, physical 8334348k(2273856k free), swap 8334348k(5256k free)

vm_info: Java HotSpot(TM) 64-Bit Server VM (25.0-b70) for windows-amd64 JRE (1.8.0-b132), built on Mar  4 2014 03:46:18 by "java_re" with MS VC++ 10.0 (VS2010)

time: Fri Dec 11 14:56:56 2015
elapsed time: 2 seconds

