#
# There is insufficient memory for the Java Runtime Environment to continue.
# Native memory allocation (malloc) failed to allocate 131088 bytes for Chunk::new
# Possible reasons:
#   The system is out of physical RAM or swap space
#   In 32 bit mode, the process size limit was hit
# Possible solutions:
#   Reduce memory load on the system
#   Increase physical memory or swap space
#   Check if swap backing store is full
#   Use 64 bit Java on a 64 bit OS
#   Decrease Java heap size (-Xmx/-Xms)
#   Decrease number of Java threads
#   Decrease Java thread stack sizes (-Xss)
#   Set larger code cache with -XX:ReservedCodeCacheSize=
# This output file may be truncated or incomplete.
#
#  Out of Memory Error (allocation.cpp:388), pid=10780, tid=3388
#
# JRE version: Java(TM) SE Runtime Environment (8.0-b132) (build 1.8.0-b132)
# Java VM: Java HotSpot(TM) 64-Bit Server VM (25.0-b70 mixed mode windows-amd64 compressed oops)
# Failed to write core dump. Minidumps are not enabled by default on client versions of Windows
#

---------------  T H R E A D  ---------------

Current thread (0x0000000014a61800):  JavaThread "C2 CompilerThread0" daemon [_thread_in_native, id=3388, stack(0x00000000163c0000,0x00000000164c0000)]

Stack: [0x00000000163c0000,0x00000000164c0000]
Native frames: (J=compiled Java code, j=interpreted, Vv=VM code, C=native code)
V  [jvm.dll+0x308e0a]


Current CompileTask:
C2:   2306 2604       4       com.android.dx.merge.DexMerger$7::read (8 bytes)


---------------  P R O C E S S  ---------------

Java Threads: ( => current thread )
  0x0000000015e46800 JavaThread "Service Thread" daemon [_thread_blocked, id=4512, stack(0x00000000166c0000,0x00000000167c0000)]
  0x0000000014a7c800 JavaThread "C1 CompilerThread2" daemon [_thread_blocked, id=6824, stack(0x00000000165c0000,0x00000000166c0000)]
  0x0000000014a7b000 JavaThread "C2 CompilerThread1" daemon [_thread_in_native, id=10828, stack(0x00000000164c0000,0x00000000165c0000)]
=>0x0000000014a61800 JavaThread "C2 CompilerThread0" daemon [_thread_in_native, id=3388, stack(0x00000000163c0000,0x00000000164c0000)]
  0x0000000014a6f800 JavaThread "Attach Listener" daemon [_thread_blocked, id=10644, stack(0x00000000162c0000,0x00000000163c0000)]
  0x0000000014a43800 JavaThread "Signal Dispatcher" daemon [_thread_blocked, id=11212, stack(0x00000000161c0000,0x00000000162c0000)]
  0x0000000002375800 JavaThread "Finalizer" daemon [_thread_blocked, id=10368, stack(0x0000000015cc0000,0x0000000015dc0000)]
  0x0000000014a18800 JavaThread "Reference Handler" daemon [_thread_blocked, id=2392, stack(0x0000000015bc0000,0x0000000015cc0000)]
  0x000000000217d800 JavaThread "main" [_thread_in_Java, id=10464, stack(0x0000000002180000,0x0000000002280000)]

Other Threads:
  0x0000000014a17000 VMThread [stack: 0x0000000015ac0000,0x0000000015bc0000] [id=11260]
  0x0000000015e66000 WatcherThread [stack: 0x00000000167c0000,0x00000000168c0000] [id=10580]

VM state:not at safepoint (normal execution)

VM Mutex/Monitor currently owned by a thread: None

Heap:
 PSYoungGen      total 50176K, used 39373K [0x00000000eab00000, 0x00000000ee400000, 0x0000000100000000)
  eden space 43520K, 79% used [0x00000000eab00000,0x00000000eccb2b10,0x00000000ed580000)
  from space 6656K, 73% used [0x00000000edc80000,0x00000000ee140b48,0x00000000ee300000)
  to   space 7168K, 0% used [0x00000000ed580000,0x00000000ed580000,0x00000000edc80000)
 ParOldGen       total 129536K, used 25027K [0x00000000c0000000, 0x00000000c7e80000, 0x00000000eab00000)
  object space 129536K, 19% used [0x00000000c0000000,0x00000000c1870e18,0x00000000c7e80000)
 Metaspace       used 7414K, capacity 7906K, committed 8064K, reserved 1056768K
  class space    used 752K, capacity 786K, committed 896K, reserved 1048576K

Card table byte_map: [0x0000000011740000,0x0000000011950000] byte_map_base: 0x0000000011140000

Marking Bits: (ParMarkBitMap*) 0x00000000688813b0
 Begin Bits: [0x0000000011eb0000, 0x0000000012eb0000)
 End Bits:   [0x0000000012eb0000, 0x0000000013eb0000)

Polling page: 0x0000000000540000

CodeCache: size=245760Kb used=8886Kb max_used=8886Kb free=236873Kb
 bounds [0x0000000002380000, 0x0000000002c40000, 0x0000000011380000]
 total_blobs=2891 nmethods=2604 adapters=201
 compilation: enabled

Compilation events (10 events):
Event: 2.247 Thread 0x0000000014a7c800 nmethod 2601 0x0000000002c18310 code [0x0000000002c18480, 0x0000000002c18688]
Event: 2.247 Thread 0x0000000014a7b000 2603       4       com.android.dx.merge.IndexMap$EncodedValueTransformer::transformAnnotation (68 bytes)
Event: 2.248 Thread 0x0000000014a61800 nmethod 2602 0x0000000002c18090 code [0x0000000002c181c0, 0x0000000002c18278]
Event: 2.248 Thread 0x0000000014a61800 2604       4       com.android.dx.merge.DexMerger$7::read (8 bytes)
Event: 2.249 Thread 0x0000000014a7c800 2610       3       java.util.HashMap::treeifyBin (110 bytes)
Event: 2.250 Thread 0x0000000014a7c800 nmethod 2610 0x0000000002c28310 code [0x0000000002c284c0, 0x0000000002c28c28]
Event: 2.265 Thread 0x0000000014a7c800 2616       3       com.android.dx.io.instructions.InstructionCodec$34::encode (192 bytes)
Event: 2.266 Thread 0x0000000014a7c800 nmethod 2616 0x0000000002c2ecd0 code [0x0000000002c2f040, 0x0000000002c31748]
Event: 2.266 Thread 0x0000000014a7c800 2617       3       com.android.dx.io.instructions.ShortArrayCodeOutput::write (33 bytes)
Event: 2.266 Thread 0x0000000014a7c800 nmethod 2617 0x0000000002c2aad0 code [0x0000000002c2ac60, 0x0000000002c2b410]

GC Heap History (10 events):
Event: 1.933 GC heap before
{Heap before GC invocations=14 (full 0):
 PSYoungGen      total 23552K, used 22969K [0x00000000eab00000, 0x00000000ed480000, 0x0000000100000000)
  eden space 19456K, 97% used [0x00000000eab00000,0x00000000ebd6ef40,0x00000000ebe00000)
  from space 4096K, 99% used [0x00000000ebe00000,0x00000000ec1ff6d8,0x00000000ec200000)
  to   space 5632K, 0% used [0x00000000ecf00000,0x00000000ecf00000,0x00000000ed480000)
 ParOldGen       total 129536K, used 11370K [0x00000000c0000000, 0x00000000c7e80000, 0x00000000eab00000)
  object space 129536K, 8% used [0x00000000c0000000,0x00000000c0b1aa58,0x00000000c7e80000)
 Metaspace       used 7369K, capacity 7906K, committed 8064K, reserved 1056768K
  class space    used 751K, capacity 786K, committed 896K, reserved 1048576K
Event: 1.935 GC heap after
Heap after GC invocations=14 (full 0):
 PSYoungGen      total 36864K, used 2603K [0x00000000eab00000, 0x00000000ed480000, 0x0000000100000000)
  eden space 31232K, 0% used [0x00000000eab00000,0x00000000eab00000,0x00000000ec980000)
  from space 5632K, 46% used [0x00000000ecf00000,0x00000000ed18ac20,0x00000000ed480000)
  to   space 5632K, 0% used [0x00000000ec980000,0x00000000ec980000,0x00000000ecf00000)
 ParOldGen       total 129536K, used 14061K [0x00000000c0000000, 0x00000000c7e80000, 0x00000000eab00000)
  object space 129536K, 10% used [0x00000000c0000000,0x00000000c0dbb6d0,0x00000000c7e80000)
 Metaspace       used 7369K, capacity 7906K, committed 8064K, reserved 1056768K
  class space    used 751K, capacity 786K, committed 896K, reserved 1048576K
}
Event: 2.026 GC heap before
{Heap before GC invocations=15 (full 0):
 PSYoungGen      total 36864K, used 33835K [0x00000000eab00000, 0x00000000ed480000, 0x0000000100000000)
  eden space 31232K, 100% used [0x00000000eab00000,0x00000000ec980000,0x00000000ec980000)
  from space 5632K, 46% used [0x00000000ecf00000,0x00000000ed18ac20,0x00000000ed480000)
  to   space 5632K, 0% used [0x00000000ec980000,0x00000000ec980000,0x00000000ecf00000)
 ParOldGen       total 129536K, used 14061K [0x00000000c0000000, 0x00000000c7e80000, 0x00000000eab00000)
  object space 129536K, 10% used [0x00000000c0000000,0x00000000c0dbb6d0,0x00000000c7e80000)
 Metaspace       used 7384K, capacity 7906K, committed 8064K, reserved 1056768K
  class space    used 751K, capacity 786K, committed 896K, reserved 1048576K
Event: 2.027 GC heap after
Heap after GC invocations=15 (full 0):
 PSYoungGen      total 36864K, used 3564K [0x00000000eab00000, 0x00000000ed480000, 0x0000000100000000)
  eden space 31232K, 0% used [0x00000000eab00000,0x00000000eab00000,0x00000000ec980000)
  from space 5632K, 63% used [0x00000000ec980000,0x00000000eccfb2f0,0x00000000ecf00000)
  to   space 5632K, 0% used [0x00000000ecf00000,0x00000000ecf00000,0x00000000ed480000)
 ParOldGen       total 129536K, used 14069K [0x00000000c0000000, 0x00000000c7e80000, 0x00000000eab00000)
  object space 129536K, 10% used [0x00000000c0000000,0x00000000c0dbd6d0,0x00000000c7e80000)
 Metaspace       used 7384K, capacity 7906K, committed 8064K, reserved 1056768K
  class space    used 751K, capacity 786K, committed 896K, reserved 1048576K
}
Event: 2.115 GC heap before
{Heap before GC invocations=16 (full 0):
 PSYoungGen      total 36864K, used 34796K [0x00000000eab00000, 0x00000000ed480000, 0x0000000100000000)
  eden space 31232K, 100% used [0x00000000eab00000,0x00000000ec980000,0x00000000ec980000)
  from space 5632K, 63% used [0x00000000ec980000,0x00000000eccfb2f0,0x00000000ecf00000)
  to   space 5632K, 0% used [0x00000000ecf00000,0x00000000ecf00000,0x00000000ed480000)
 ParOldGen       total 129536K, used 14069K [0x00000000c0000000, 0x00000000c7e80000, 0x00000000eab00000)
  object space 129536K, 10% used [0x00000000c0000000,0x00000000c0dbd6d0,0x00000000c7e80000)
 Metaspace       used 7397K, capacity 7906K, committed 8064K, reserved 1056768K
  class space    used 752K, capacity 786K, committed 896K, reserved 1048576K
Event: 2.117 GC heap after
Heap after GC invocations=16 (full 0):
 PSYoungGen      total 36864K, used 3809K [0x00000000eab00000, 0x00000000ed480000, 0x0000000100000000)
  eden space 31232K, 0% used [0x00000000eab00000,0x00000000eab00000,0x00000000ec980000)
  from space 5632K, 67% used [0x00000000ecf00000,0x00000000ed2b8598,0x00000000ed480000)
  to   space 5632K, 0% used [0x00000000ec980000,0x00000000ec980000,0x00000000ecf00000)
 ParOldGen       total 129536K, used 14077K [0x00000000c0000000, 0x00000000c7e80000, 0x00000000eab00000)
  object space 129536K, 10% used [0x00000000c0000000,0x00000000c0dbf6d0,0x00000000c7e80000)
 Metaspace       used 7397K, capacity 7906K, committed 8064K, reserved 1056768K
  class space    used 752K, capacity 786K, committed 896K, reserved 1048576K
}
Event: 2.196 GC heap before
{Heap before GC invocations=17 (full 0):
 PSYoungGen      total 36864K, used 35041K [0x00000000eab00000, 0x00000000ed480000, 0x0000000100000000)
  eden space 31232K, 100% used [0x00000000eab00000,0x00000000ec980000,0x00000000ec980000)
  from space 5632K, 67% used [0x00000000ecf00000,0x00000000ed2b8598,0x00000000ed480000)
  to   space 5632K, 0% used [0x00000000ec980000,0x00000000ec980000,0x00000000ecf00000)
 ParOldGen       total 129536K, used 14077K [0x00000000c0000000, 0x00000000c7e80000, 0x00000000eab00000)
  object space 129536K, 10% used [0x00000000c0000000,0x00000000c0dbf6d0,0x00000000c7e80000)
 Metaspace       used 7403K, capacity 7906K, committed 8064K, reserved 1056768K
  class space    used 752K, capacity 786K, committed 896K, reserved 1048576K
Event: 2.205 GC heap after
Heap after GC invocations=17 (full 0):
 PSYoungGen      total 36864K, used 5607K [0x00000000eab00000, 0x00000000ee300000, 0x0000000100000000)
  eden space 31232K, 0% used [0x00000000eab00000,0x00000000eab00000,0x00000000ec980000)
  from space 5632K, 99% used [0x00000000ec980000,0x00000000ecef9c68,0x00000000ecf00000)
  to   space 6656K, 0% used [0x00000000edc80000,0x00000000edc80000,0x00000000ee300000)
 ParOldGen       total 129536K, used 20062K [0x00000000c0000000, 0x00000000c7e80000, 0x00000000eab00000)
  object space 129536K, 15% used [0x00000000c0000000,0x00000000c1397828,0x00000000c7e80000)
 Metaspace       used 7403K, capacity 7906K, committed 8064K, reserved 1056768K
  class space    used 752K, capacity 786K, committed 896K, reserved 1048576K
}
Event: 2.254 GC heap before
{Heap before GC invocations=18 (full 0):
 PSYoungGen      total 36864K, used 36839K [0x00000000eab00000, 0x00000000ee300000, 0x0000000100000000)
  eden space 31232K, 100% used [0x00000000eab00000,0x00000000ec980000,0x00000000ec980000)
  from space 5632K, 99% used [0x00000000ec980000,0x00000000ecef9c68,0x00000000ecf00000)
  to   space 6656K, 0% used [0x00000000edc80000,0x00000000edc80000,0x00000000ee300000)
 ParOldGen       total 129536K, used 20062K [0x00000000c0000000, 0x00000000c7e80000, 0x00000000eab00000)
  object space 129536K, 15% used [0x00000000c0000000,0x00000000c1397828,0x00000000c7e80000)
 Metaspace       used 7412K, capacity 7906K, committed 8064K, reserved 1056768K
  class space    used 752K, capacity 786K, committed 896K, reserved 1048576K
Event: 2.258 GC heap after
Heap after GC invocations=18 (full 0):
 PSYoungGen      total 50176K, used 4866K [0x00000000eab00000, 0x00000000ee400000, 0x0000000100000000)
  eden space 43520K, 0% used [0x00000000eab00000,0x00000000eab00000,0x00000000ed580000)
  from space 6656K, 73% used [0x00000000edc80000,0x00000000ee140b48,0x00000000ee300000)
  to   space 7168K, 0% used [0x00000000ed580000,0x00000000ed580000,0x00000000edc80000)
 ParOldGen       total 129536K, used 25027K [0x00000000c0000000, 0x00000000c7e80000, 0x00000000eab00000)
  object space 129536K, 19% used [0x00000000c0000000,0x00000000c1870e18,0x00000000c7e80000)
 Metaspace       used 7412K, capacity 7906K, committed 8064K, reserved 1056768K
  class space    used 752K, capacity 786K, committed 896K, reserved 1048576K
}

Deoptimization events (10 events):
Event: 1.798 Thread 0x000000000217d800 Uncommon trap: reason=class_check action=maybe_recompile pc=0x00000000027bb95c method=java.util.ArrayList.<init>(Ljava/util/Collection;)V @ 6
Event: 1.814 Thread 0x000000000217d800 Uncommon trap: reason=predicate action=maybe_recompile pc=0x0000000002acee8c method=com.android.dex.Leb128.readUnsignedLeb128(Lcom/android/dex/util/ByteInput;)I @ 41
Event: 2.167 Thread 0x000000000217d800 Uncommon trap: reason=class_check action=maybe_recompile pc=0x0000000002c01848 method=com.android.dx.io.instructions.InstructionCodec$6.decode(ILcom/android/dx/io/instructions/CodeInput;)Lcom/android/dx/io/instructions/DecodedInstruction; @ 1
Event: 2.167 Thread 0x000000000217d800 Uncommon trap: reason=class_check action=maybe_recompile pc=0x0000000002c01848 method=com.android.dx.io.instructions.InstructionCodec$6.decode(ILcom/android/dx/io/instructions/CodeInput;)Lcom/android/dx/io/instructions/DecodedInstruction; @ 1
Event: 2.167 Thread 0x000000000217d800 Uncommon trap: reason=class_check action=maybe_recompile pc=0x0000000002c01848 method=com.android.dx.io.instructions.InstructionCodec$6.decode(ILcom/android/dx/io/instructions/CodeInput;)Lcom/android/dx/io/instructions/DecodedInstruction; @ 1
Event: 2.167 Thread 0x000000000217d800 Uncommon trap: reason=class_check action=maybe_recompile pc=0x0000000002c01848 method=com.android.dx.io.instructions.InstructionCodec$6.decode(ILcom/android/dx/io/instructions/CodeInput;)Lcom/android/dx/io/instructions/DecodedInstruction; @ 1
Event: 2.212 Thread 0x000000000217d800 Uncommon trap: reason=class_check action=maybe_recompile pc=0x0000000002bfec48 method=com.android.dx.io.instructions.InstructionCodec$6.encode(Lcom/android/dx/io/instructions/DecodedInstruction;Lcom/android/dx/io/instructions/CodeOutput;)V @ 2
Event: 2.212 Thread 0x000000000217d800 Uncommon trap: reason=class_check action=maybe_recompile pc=0x0000000002bfec48 method=com.android.dx.io.instructions.InstructionCodec$6.encode(Lcom/android/dx/io/instructions/DecodedInstruction;Lcom/android/dx/io/instructions/CodeOutput;)V @ 2
Event: 2.212 Thread 0x000000000217d800 Uncommon trap: reason=class_check action=maybe_recompile pc=0x0000000002bfec48 method=com.android.dx.io.instructions.InstructionCodec$6.encode(Lcom/android/dx/io/instructions/DecodedInstruction;Lcom/android/dx/io/instructions/CodeOutput;)V @ 2
Event: 2.213 Thread 0x000000000217d800 Uncommon trap: reason=class_check action=maybe_recompile pc=0x0000000002bfec48 method=com.android.dx.io.instructions.InstructionCodec$6.encode(Lcom/android/dx/io/instructions/DecodedInstruction;Lcom/android/dx/io/instructions/CodeOutput;)V @ 2

Internal exceptions (10 events):
Event: 1.783 Thread 0x000000000217d800 Exception <a 'java/security/PrivilegedActionException'> (0x00000000eb87fa28) thrown at [D:\re\workspace\8-2-build-windows-amd64-cygwin\jdk8\2238\hotspot\src\share\vm\prims\jvm.cpp, line 1248]
Event: 1.784 Thread 0x000000000217d800 Exception <a 'java/security/PrivilegedActionException'> (0x00000000eb881c30) thrown at [D:\re\workspace\8-2-build-windows-amd64-cygwin\jdk8\2238\hotspot\src\share\vm\prims\jvm.cpp, line 1248]
Event: 1.784 Thread 0x000000000217d800 Exception <a 'java/security/PrivilegedActionException'> (0x00000000eb882550) thrown at [D:\re\workspace\8-2-build-windows-amd64-cygwin\jdk8\2238\hotspot\src\share\vm\prims\jvm.cpp, line 1248]
Event: 1.798 Thread 0x000000000217d800 Exception <a 'java/security/PrivilegedActionException'> (0x00000000eb894ad8) thrown at [D:\re\workspace\8-2-build-windows-amd64-cygwin\jdk8\2238\hotspot\src\share\vm\prims\jvm.cpp, line 1248]
Event: 1.798 Thread 0x000000000217d800 Exception <a 'java/security/PrivilegedActionException'> (0x00000000eb8953b8) thrown at [D:\re\workspace\8-2-build-windows-amd64-cygwin\jdk8\2238\hotspot\src\share\vm\prims\jvm.cpp, line 1248]
Event: 1.799 Thread 0x000000000217d800 Exception <a 'java/security/PrivilegedActionException'> (0x00000000eb89e9f8) thrown at [D:\re\workspace\8-2-build-windows-amd64-cygwin\jdk8\2238\hotspot\src\share\vm\prims\jvm.cpp, line 1248]
Event: 1.799 Thread 0x000000000217d800 Exception <a 'java/security/PrivilegedActionException'> (0x00000000eb89f318) thrown at [D:\re\workspace\8-2-build-windows-amd64-cygwin\jdk8\2238\hotspot\src\share\vm\prims\jvm.cpp, line 1248]
Event: 1.799 Thread 0x000000000217d800 Exception <a 'java/security/PrivilegedActionException'> (0x00000000eb8a0be0) thrown at [D:\re\workspace\8-2-build-windows-amd64-cygwin\jdk8\2238\hotspot\src\share\vm\prims\jvm.cpp, line 1248]
Event: 1.799 Thread 0x000000000217d800 Exception <a 'java/security/PrivilegedActionException'> (0x00000000eb8a1510) thrown at [D:\re\workspace\8-2-build-windows-amd64-cygwin\jdk8\2238\hotspot\src\share\vm\prims\jvm.cpp, line 1248]
Event: 2.089 Thread 0x000000000217d800 Exception <a 'java/security/PrivilegedActionException'> (0x00000000ebe48a40) thrown at [D:\re\workspace\8-2-build-windows-amd64-cygwin\jdk8\2238\hotspot\src\share\vm\prims\jvm.cpp, line 1248]

Events (10 events):
Event: 2.212 Thread 0x000000000217d800 Uncommon trap: trap_request=0xffffffde fr.pc=0x0000000002bfec48
Event: 2.212 Thread 0x000000000217d800 DEOPT PACKING pc=0x0000000002bfec48 sp=0x000000000227edf0
Event: 2.212 Thread 0x000000000217d800 DEOPT UNPACKING pc=0x00000000023c55af sp=0x000000000227ed80 mode 2
Event: 2.213 Thread 0x000000000217d800 Uncommon trap: trap_request=0xffffffde fr.pc=0x0000000002bfec48
Event: 2.213 Thread 0x000000000217d800 DEOPT PACKING pc=0x0000000002bfec48 sp=0x000000000227edf0
Event: 2.213 Thread 0x000000000217d800 DEOPT UNPACKING pc=0x00000000023c55af sp=0x000000000227ed80 mode 2
Event: 2.254 Executing VM operation: ParallelGCFailedAllocation
Event: 2.258 Executing VM operation: ParallelGCFailedAllocation done
Event: 2.265 Thread 0x000000000217d800 DEOPT PACKING pc=0x0000000002bc2591 sp=0x000000000227ed80
Event: 2.265 Thread 0x000000000217d800 DEOPT UNPACKING pc=0x00000000023c7604 sp=0x000000000227eab0 mode 0


Dynamic libraries:
0x00007ff7686d0000 - 0x00007ff768704000 	C:\Program Files\Java\jdk1.8.0\bin\java.exe
0x00007ffebc000000 - 0x00007ffebc1a9000 	C:\Windows\SYSTEM32\ntdll.dll
0x00007ffeb9890000 - 0x00007ffeb99c9000 	C:\Windows\system32\KERNEL32.DLL
0x00007ffeb9730000 - 0x00007ffeb983e000 	C:\Windows\system32\KERNELBASE.dll
0x00007ffeb99d0000 - 0x00007ffeb9a75000 	C:\Windows\system32\ADVAPI32.dll
0x00007ffeba140000 - 0x00007ffeba2b1000 	C:\Windows\system32\USER32.dll
0x00007ffeb6aa0000 - 0x00007ffeb6cfa000 	C:\Windows\WinSxS\amd64_microsoft.windows.common-controls_6595b64144ccf1df_6.0.9600.16384_none_62475f7becb72503\COMCTL32.dll
0x00007ffebba70000 - 0x00007ffebbb17000 	C:\Windows\system32\msvcrt.dll
0x00007ffeba080000 - 0x00007ffeba0d7000 	C:\Windows\SYSTEM32\sechost.dll
0x00007ffeb9cb0000 - 0x00007ffeb9de6000 	C:\Windows\system32\RPCRT4.dll
0x00007ffebb740000 - 0x00007ffebb885000 	C:\Windows\system32\GDI32.dll
0x00007ffeb9c70000 - 0x00007ffeb9ca4000 	C:\Windows\system32\IMM32.DLL
0x00007ffebbeb0000 - 0x00007ffebbfe9000 	C:\Windows\system32\MSCTF.dll
0x0000000067b70000 - 0x0000000067c42000 	C:\Program Files\Java\jdk1.8.0\jre\bin\msvcr100.dll
0x00000000680d0000 - 0x00000000688fa000 	C:\Program Files\Java\jdk1.8.0\jre\bin\server\jvm.dll
0x00007ffeb5ab0000 - 0x00007ffeb5ab9000 	C:\Windows\SYSTEM32\WSOCK32.dll
0x00007ffeb1b50000 - 0x00007ffeb1b6f000 	C:\Windows\SYSTEM32\WINMM.dll
0x00007ffebbb20000 - 0x00007ffebbb27000 	C:\Windows\system32\PSAPI.DLL
0x00007ffebb6e0000 - 0x00007ffebb738000 	C:\Windows\system32\WS2_32.dll
0x00007ffeb1b20000 - 0x00007ffeb1b4a000 	C:\Windows\SYSTEM32\WINMMBASE.dll
0x00007ffeb9c60000 - 0x00007ffeb9c69000 	C:\Windows\system32\NSI.dll
0x00007ffeb9840000 - 0x00007ffeb988a000 	C:\Windows\SYSTEM32\cfgmgr32.dll
0x00007ffeb8220000 - 0x00007ffeb8246000 	C:\Windows\SYSTEM32\DEVOBJ.dll
0x0000000067fe0000 - 0x0000000067fef000 	C:\Program Files\Java\jdk1.8.0\jre\bin\verify.dll
0x0000000067fb0000 - 0x0000000067fd8000 	C:\Program Files\Java\jdk1.8.0\jre\bin\java.dll
0x0000000067f90000 - 0x0000000067fa6000 	C:\Program Files\Java\jdk1.8.0\jre\bin\zip.dll
0x00007ffeba2c0000 - 0x00007ffebb6cd000 	C:\Windows\system32\SHELL32.dll
0x00007ffebbcd0000 - 0x00007ffebbea7000 	C:\Windows\SYSTEM32\combase.dll
0x00007ffeb9df0000 - 0x00007ffeb9e41000 	C:\Windows\system32\SHLWAPI.dll
0x00007ffeb78b0000 - 0x00007ffeb7951000 	C:\Windows\SYSTEM32\SHCORE.dll
0x00007ffeb9380000 - 0x00007ffeb9394000 	C:\Windows\SYSTEM32\profapi.dll

VM Arguments:
jvm_args: -Xmx1024M -Dfile.encoding=UTF-8 -Duser.country=CN -Duser.language=zh -Duser.variant 
java_command: com.android.dx.command.Main --dex --output E:\Trunk\CopyUC\app\build\intermediates\dex\debug E:\Trunk\CopyUC\app\build\intermediates\classes\debug E:\Trunk\CopyUC\app\build\intermediates\pre-dexed\debug\support-annotations-22.2.0-fcbac64e8dbacc906e808d92672d1d4209d46810.jar E:\Trunk\CopyUC\app\build\intermediates\pre-dexed\debug\universal-image-loader-1.9.5-397e682f81a90ee78c74b4633dae79a7450f65cd.jar E:\Trunk\CopyUC\app\build\intermediates\pre-dexed\debug\gson-2.2.4-a79225f4c3e97cbf7deb450304aad3c34914ebd4.jar E:\Trunk\CopyUC\app\build\intermediates\pre-dexed\debug\BaiduLBS_Android-d1420b8b0ca70f411cac380e161da916969c5f31.jar E:\Trunk\CopyUC\app\build\intermediates\pre-dexed\debug\internal_impl-22.2.0-df8259db753823b32d7935957eb742970981a407.jar E:\Trunk\CopyUC\app\build\intermediates\pre-dexed\debug\classes-f8ffe7f607039b6dca0790e8e8eb6c764e33e363.jar E:\Trunk\CopyUC\app\build\intermediates\pre-dexed\debug\zxing-9fef331a2190e1e5757af744044b083bf7062de5.jar E:\Trunk\CopyUC\app\build\intermediates\pre-dexed\debug\VoiceRecognition-606b1019115c072de255595bd5dee26e4e0e01bd.jar E:\Trunk\CopyUC\app\build\intermediates\pre-dexed\debug\classes-331b1a5a8d8d72ca2e79a6dc306f54567d1a2785.jar E:\Trunk\CopyUC\app\build\intermediates\pre-dexed\debug\classes-4e7f75937ce61e6e852b23826cbb220aa6761ff5.jar E:\Trunk\CopyUC\app\build\intermediates\pre-dexed\debug\baidumapapi_v3_3_0-a0a92b34aba14ae07fd449c84cfe19389492243d.jar
java_class_path (initial): D:\AndroidStudio\sdk\build-tools\22.0.1\lib\dx.jar
Launcher Type: SUN_STANDARD

Environment Variables:
JAVA_HOME=C:\Program Files\Java\jdk1.8.0
PATH=C:\Program Files (x86)\Intel\iCLS Client\;C:\Program Files\Intel\iCLS Client\;C:\Windows\system32;C:\Windows;C:\Windows\System32\Wbem;C:\Windows\System32\WindowsPowerShell\v1.0\;C:\Program Files (x86)\Intel\Intel(R) Management Engine Components\DAL;C:\Program Files\Intel\Intel(R) Management Engine Components\DAL;C:\Program Files (x86)\Intel\Intel(R) Management Engine Components\IPT;C:\Program Files\Intel\Intel(R) Management Engine Components\IPT;C:\Program Files (x86)\NVIDIA Corporation\PhysX\Common;JAVA_HOME\bin;JAVA_HOME\jre\bin;C:\Program Files\TortoiseSVN\bin;0X0.000000P-1022ndroid;
USERNAME=Administrator
OS=Windows_NT
PROCESSOR_IDENTIFIER=Intel64 Family 6 Model 60 Stepping 3, GenuineIntel



---------------  S Y S T E M  ---------------

OS: Windows 8.1 , 64 bit Build 9600 

CPU:total 4 (4 cores per cpu, 1 threads per core) family 6 model 60 stepping 3, cmov, cx8, fxsr, mmx, sse, sse2, sse3, ssse3, sse4.1, sse4.2, popcnt, avx, avx2, aes, clmul, erms, tsc, tscinvbit

Memory: 4k page, physical 8334348k(2360972k free), swap 8334348k(5208k free)

vm_info: Java HotSpot(TM) 64-Bit Server VM (25.0-b70) for windows-amd64 JRE (1.8.0-b132), built on Mar  4 2014 03:46:18 by "java_re" with MS VC++ 10.0 (VS2010)

time: Fri Dec 11 15:03:36 2015
elapsed time: 2 seconds

